[debug] [2018-10-02T15:53:21.622Z] ----------------------------------------------------------------------
[debug] [2018-10-02T15:53:21.625Z] Command:       /usr/bin/node /usr/bin/firebase deploy
[debug] [2018-10-02T15:53:21.625Z] CLI Version:   4.2.1
[debug] [2018-10-02T15:53:21.626Z] Platform:      linux
[debug] [2018-10-02T15:53:21.626Z] Node Version:  v8.12.0
[debug] [2018-10-02T15:53:21.626Z] Time:          Tue Oct 02 2018 21:23:21 GMT+0530 (IST)
[debug] [2018-10-02T15:53:21.626Z] ----------------------------------------------------------------------
[debug] 
[debug] [2018-10-02T15:53:21.636Z] > command requires scopes: ["email","openid","https://www.googleapis.com/auth/cloudplatformprojects.readonly","https://www.googleapis.com/auth/firebase","https://www.googleapis.com/auth/cloud-platform"]
[debug] [2018-10-02T15:53:21.637Z] > authorizing via signed-in user
[debug] [2018-10-02T15:53:21.639Z] > refreshing access token with scopes: ["email","https://www.googleapis.com/auth/cloud-platform","https://www.googleapis.com/auth/cloudplatformprojects.readonly","https://www.googleapis.com/auth/firebase","openid"]
[debug] [2018-10-02T15:53:21.640Z] >>> HTTP REQUEST POST https://www.googleapis.com/oauth2/v3/token  

[debug] [2018-10-02T15:53:21.948Z] <<< HTTP RESPONSE 200
[debug] [2018-10-02T15:53:21.979Z] >>> HTTP REQUEST GET https://admin.firebase.com/v1/projects/linkedin-476f9  
 
[debug] [2018-10-02T15:53:23.652Z] <<< HTTP RESPONSE 200
[info] 
[info] === Deploying to 'linkedin-476f9'...
[info] 
[info] i  deploying hosting
[debug] [2018-10-02T15:53:23.663Z] >>> HTTP REQUEST POST https://firebasehosting.googleapis.com/v1beta1/sites/linkedin-476f9/versions  

[debug] [2018-10-02T15:53:35.534Z] <<< HTTP RESPONSE 503
[debug] [2018-10-02T15:53:35.534Z] <<< HTTP RESPONSE BODY
[error] 
[error] Error: HTTP Error: 503, The service is currently unavailable.
[debug] [2018-10-02T15:53:35.757Z] Error Context: {
  "body": {
    "error": {
      "code": 503,
      "message": "The service is currently unavailable.",
      "status": "UNAVAILABLE"
    }
  },
  "response": {
    "statusCode": 503,
    "body": {
      "error": {
        "code": 503,
        "message": "The service is currently unavailable.",
        "status": "UNAVAILABLE"
      }
    },
    "headers": {
      "vary": "X-Origin, Referer, Origin,Accept-Encoding",
      "content-type": "application/json; charset=UTF-8",
      "date": "Tue, 02 Oct 2018 15:53:35 GMT",
      "server": "ESF",
      "cache-control": "private",
      "x-xss-protection": "1; mode=block",
      "x-frame-options": "SAMEORIGIN",
      "x-content-type-options": "nosniff",
      "alt-svc": "quic=\":443\"; ma=2592000; v=\"44,43,39,35\"",
      "accept-ranges": "none",
      "connection": "close"
    },
    "request": {
      "uri": {
        "protocol": "https:",
        "slashes": true,
        "auth": null,
        "host": "firebasehosting.googleapis.com",
        "port": 443,
        "hostname": "firebasehosting.googleapis.com",
        "hash": null,
        "search": null,
        "query": null,
        "pathname": "/v1beta1/sites/linkedin-476f9/versions",
        "path": "/v1beta1/sites/linkedin-476f9/versions",
        "href": "https://firebasehosting.googleapis.com/v1beta1/sites/linkedin-476f9/versions"
      },
      "method": "POST"
    }
  }
}
